2016-10-24 13:32:52,982 AWT-EventQueue-1 ERROR util.ApplicationException - Error al conectarse a la DB
com.mysql.jdbc.exceptions.jdbc4.MySQLSyntaxErrorException: Access denied for user 'combat_user'@'%' to database 'turn_based_combt&useSSL=true'
	at sun.reflect.NativeConstructorAccessorImpl.newInstance0(Native Method) ~[?:1.8.0_102]
	at sun.reflect.NativeConstructorAccessorImpl.newInstance(NativeConstructorAccessorImpl.java:62) ~[?:1.8.0_102]
	at sun.reflect.DelegatingConstructorAccessorImpl.newInstance(DelegatingConstructorAccessorImpl.java:45) ~[?:1.8.0_102]
	at java.lang.reflect.Constructor.newInstance(Constructor.java:423) ~[?:1.8.0_102]
	at com.mysql.jdbc.Util.handleNewInstance(Util.java:404) ~[mysql-connector-java-5.1.39-bin.jar:5.1.39]
	at com.mysql.jdbc.Util.getInstance(Util.java:387) ~[mysql-connector-java-5.1.39-bin.jar:5.1.39]
	at com.mysql.jdbc.SQLError.createSQLException(SQLError.java:942) ~[mysql-connector-java-5.1.39-bin.jar:5.1.39]
	at com.mysql.jdbc.MysqlIO.checkErrorPacket(MysqlIO.java:3966) ~[mysql-connector-java-5.1.39-bin.jar:5.1.39]
	at com.mysql.jdbc.MysqlIO.checkErrorPacket(MysqlIO.java:3902) ~[mysql-connector-java-5.1.39-bin.jar:5.1.39]
	at com.mysql.jdbc.MysqlIO.checkErrorPacket(MysqlIO.java:875) ~[mysql-connector-java-5.1.39-bin.jar:5.1.39]
	at com.mysql.jdbc.MysqlIO.proceedHandshakeWithPluggableAuthentication(MysqlIO.java:1712) ~[mysql-connector-java-5.1.39-bin.jar:5.1.39]
	at com.mysql.jdbc.MysqlIO.doHandshake(MysqlIO.java:1228) ~[mysql-connector-java-5.1.39-bin.jar:5.1.39]
	at com.mysql.jdbc.ConnectionImpl.coreConnect(ConnectionImpl.java:2253) ~[mysql-connector-java-5.1.39-bin.jar:5.1.39]
	at com.mysql.jdbc.ConnectionImpl.connectOneTryOnly(ConnectionImpl.java:2284) ~[mysql-connector-java-5.1.39-bin.jar:5.1.39]
	at com.mysql.jdbc.ConnectionImpl.createNewIO(ConnectionImpl.java:2083) ~[mysql-connector-java-5.1.39-bin.jar:5.1.39]
	at com.mysql.jdbc.ConnectionImpl.<init>(ConnectionImpl.java:806) ~[mysql-connector-java-5.1.39-bin.jar:5.1.39]
	at com.mysql.jdbc.JDBC4Connection.<init>(JDBC4Connection.java:47) ~[mysql-connector-java-5.1.39-bin.jar:5.1.39]
	at sun.reflect.NativeConstructorAccessorImpl.newInstance0(Native Method) ~[?:1.8.0_102]
	at sun.reflect.NativeConstructorAccessorImpl.newInstance(NativeConstructorAccessorImpl.java:62) ~[?:1.8.0_102]
	at sun.reflect.DelegatingConstructorAccessorImpl.newInstance(DelegatingConstructorAccessorImpl.java:45) ~[?:1.8.0_102]
	at java.lang.reflect.Constructor.newInstance(Constructor.java:423) ~[?:1.8.0_102]
	at com.mysql.jdbc.Util.handleNewInstance(Util.java:404) ~[mysql-connector-java-5.1.39-bin.jar:5.1.39]
	at com.mysql.jdbc.ConnectionImpl.getInstance(ConnectionImpl.java:410) ~[mysql-connector-java-5.1.39-bin.jar:5.1.39]
	at com.mysql.jdbc.NonRegisteringDriver.connect(NonRegisteringDriver.java:328) ~[mysql-connector-java-5.1.39-bin.jar:5.1.39]
	at java.sql.DriverManager.getConnection(DriverManager.java:664) ~[?:1.8.0_102]
	at java.sql.DriverManager.getConnection(DriverManager.java:247) ~[?:1.8.0_102]
	at data.ConnectionFactory.getConn(ConnectionFactory.java:54) [bin/:?]
	at data.DataPersonaje.getAll(DataPersonaje.java:21) [bin/:?]
	at business.logic.CtrlABMCPersonaje.getAll(CtrlABMCPersonaje.java:24) [bin/:?]
	at uiDesktop.ABMCPersonajeDialog.traerPersonajes(ABMCPersonajeDialog.java:183) [bin/:?]
	at uiDesktop.ABMCPersonajeDialog.<init>(ABMCPersonajeDialog.java:40) [bin/:?]
	at uiDesktop.CombatWindow.seleccionarPersonaje1(CombatWindow.java:396) [bin/:?]
	at uiDesktop.CombatWindow$2.actionPerformed(CombatWindow.java:111) [bin/:?]
	at javax.swing.AbstractButton.fireActionPerformed(AbstractButton.java:2022) [?:1.8.0_102]
	at javax.swing.AbstractButton$Handler.actionPerformed(AbstractButton.java:2348) [?:1.8.0_102]
	at javax.swing.DefaultButtonModel.fireActionPerformed(DefaultButtonModel.java:402) [?:1.8.0_102]
	at javax.swing.DefaultButtonModel.setPressed(DefaultButtonModel.java:259) [?:1.8.0_102]
	at javax.swing.plaf.basic.BasicButtonListener.mouseReleased(BasicButtonListener.java:252) [?:1.8.0_102]
	at java.awt.Component.processMouseEvent(Component.java:6533) [?:1.8.0_102]
	at javax.swing.JComponent.processMouseEvent(JComponent.java:3324) [?:1.8.0_102]
	at java.awt.Component.processEvent(Component.java:6298) [?:1.8.0_102]
	at java.awt.Container.processEvent(Container.java:2236) [?:1.8.0_102]
	at java.awt.Component.dispatchEventImpl(Component.java:4889) [?:1.8.0_102]
	at java.awt.Container.dispatchEventImpl(Container.java:2294) [?:1.8.0_102]
	at java.awt.Component.dispatchEvent(Component.java:4711) [?:1.8.0_102]
	at java.awt.LightweightDispatcher.retargetMouseEvent(Container.java:4888) [?:1.8.0_102]
	at java.awt.LightweightDispatcher.processMouseEvent(Container.java:4525) [?:1.8.0_102]
	at java.awt.LightweightDispatcher.dispatchEvent(Container.java:4466) [?:1.8.0_102]
	at java.awt.Container.dispatchEventImpl(Container.java:2280) [?:1.8.0_102]
	at java.awt.Window.dispatchEventImpl(Window.java:2746) [?:1.8.0_102]
	at java.awt.Component.dispatchEvent(Component.java:4711) [?:1.8.0_102]
	at java.awt.EventQueue.dispatchEventImpl(EventQueue.java:758) [?:1.8.0_102]
	at java.awt.EventQueue.access$500(EventQueue.java:97) [?:1.8.0_102]
	at java.awt.EventQueue$3.run(EventQueue.java:709) [?:1.8.0_102]
	at java.awt.EventQueue$3.run(EventQueue.java:703) [?:1.8.0_102]
	at java.security.AccessController.doPrivileged(Native Method) ~[?:1.8.0_102]
	at java.security.ProtectionDomain$JavaSecurityAccessImpl.doIntersectionPrivilege(ProtectionDomain.java:76) [?:1.8.0_102]
	at java.security.ProtectionDomain$JavaSecurityAccessImpl.doIntersectionPrivilege(ProtectionDomain.java:86) [?:1.8.0_102]
	at java.awt.EventQueue$4.run(EventQueue.java:731) [?:1.8.0_102]
	at java.awt.EventQueue$4.run(EventQueue.java:729) [?:1.8.0_102]
	at java.security.AccessController.doPrivileged(Native Method) ~[?:1.8.0_102]
	at java.security.ProtectionDomain$JavaSecurityAccessImpl.doIntersectionPrivilege(ProtectionDomain.java:76) [?:1.8.0_102]
	at java.awt.EventQueue.dispatchEvent(EventQueue.java:728) [?:1.8.0_102]
	at org.GNOME.Accessibility.AtkWrapper$5.dispatchEvent(AtkWrapper.java:700) [java-atk-wrapper.jar:?]
	at java.awt.EventDispatchThread.pumpOneEventForFilters(EventDispatchThread.java:201) [?:1.8.0_102]
	at java.awt.EventDispatchThread.pumpEventsForFilter(EventDispatchThread.java:116) [?:1.8.0_102]
	at java.awt.EventDispatchThread.pumpEventsForHierarchy(EventDispatchThread.java:105) [?:1.8.0_102]
	at java.awt.EventDispatchThread.pumpEvents(EventDispatchThread.java:101) [?:1.8.0_102]
	at java.awt.EventDispatchThread.pumpEvents(EventDispatchThread.java:93) [?:1.8.0_102]
	at java.awt.EventDispatchThread.run(EventDispatchThread.java:82) [?:1.8.0_102]
